Build started 01-11-2011 11:02:31.
     1>Project "E:\pendrive\EcosystemV_1.0\EcosystemV_1.0\EcosystemV_1.0.vcxproj" on node 2 (build target(s)).
     1>InitializeBuildStatus:
         Creating "Debug\EcosystemV_1.0.unsuccessfulbuild" because "AlwaysCreate" was specified.
       ClCompile:
         C:\Program Files (x86)\Microsoft Visual Studio 10.0\VC\bin\CL.exe /c /ZI /nologo /W3 /WX- /Od /Oy- /D WIN32 /D _DEBUG /D _CONSOLE /D _UNICODE /D UNICODE /Gm /EHsc /RTC1 /MDd /GS /fp:precise /Zc:wchar_t /Zc:forScope /Fo"Debug\\" /Fd"Debug\vc100.pdb" /Gd /TP /analyze- /errorReport:prompt extra.cpp LinkedList.cpp
         LinkedList.cpp
         extra.cpp
     1>e:\pendrive\ecosystemv_1.0\ecosystemv_1.0\universe_bigbang.h(212): warning C4996: 'gets': This function or variable may be unsafe. Consider using gets_s instead. To disable deprecation, use _CRT_SECURE_NO_WARNINGS. See online help for details.
                 c:\program files (x86)\microsoft visual studio 10.0\vc\include\stdio.h(277) : see declaration of 'gets'
     1>e:\pendrive\ecosystemv_1.0\ecosystemv_1.0\universe_bigbang.h(217): warning C4018: '<' : signed/unsigned mismatch
     1>e:\pendrive\ecosystemv_1.0\ecosystemv_1.0\universe_bigbang.h(225): warning C4018: '>=' : signed/unsigned mismatch
         Generating Code...
       ManifestResourceCompile:
         C:\Program Files (x86)\Microsoft SDKs\Windows\v7.0A\bin\rc.exe /nologo /fo"Debug\EcosystemV_1.0.exe.embed.manifest.res" Debug\EcosystemV_1.0_manifest.rc 
       Link:
         C:\Program Files (x86)\Microsoft Visual Studio 10.0\VC\bin\link.exe /ERRORREPORT:PROMPT /OUT:"E:\pendrive\EcosystemV_1.0\Debug\EcosystemV_1.0.exe" /INCREMENTAL /NOLOGO kernel32.lib user32.lib gdi32.lib winspool.lib comdlg32.lib advapi32.lib shell32.lib ole32.lib oleaut32.lib uuid.lib odbc32.lib odbccp32.lib /MANIFEST /ManifestFile:"Debug\EcosystemV_1.0.exe.intermediate.manifest" /MANIFESTUAC:"level='asInvoker' uiAccess='false'" /DEBUG /PDB:"E:\pendrive\EcosystemV_1.0\Debug\EcosystemV_1.0.pdb" /SUBSYSTEM:CONSOLE /TLBID:1 /DYNAMICBASE /NXCOMPAT /IMPLIB:"E:\pendrive\EcosystemV_1.0\Debug\EcosystemV_1.0.lib" /MACHINE:X86 Debug\EcosystemV_1.0.exe.embed.manifest.res
         Debug\extra.obj
         Debug\LinkedList.obj
         LINK : E:\pendrive\EcosystemV_1.0\Debug\EcosystemV_1.0.exe not found or not built by the last incremental link; performing full link
       Manifest:
         C:\Program Files (x86)\Microsoft SDKs\Windows\v7.0A\bin\mt.exe /nologo /verbose /out:"Debug\EcosystemV_1.0.exe.embed.manifest" /manifest Debug\EcosystemV_1.0.exe.intermediate.manifest
         All outputs are up-to-date.
       LinkEmbedManifest:
         All outputs are up-to-date.
         EcosystemV_1.0.vcxproj -> E:\pendrive\EcosystemV_1.0\Debug\EcosystemV_1.0.exe
       FinalizeBuildStatus:
         Deleting file "Debug\EcosystemV_1.0.unsuccessfulbuild".
         Touching "Debug\EcosystemV_1.0.lastbuildstate".
     1>Done Building Project "E:\pendrive\EcosystemV_1.0\EcosystemV_1.0\EcosystemV_1.0.vcxproj" (build target(s)).

Build succeeded.

Time Elapsed 00:00:14.65
