C:\USERS\SAIKRISHNA.GOUTHAM\DOCUMENTS\VISUAL STUDIO 2010\PROJECTS\ECOSYSTEMV_1.0\DEBUG\ECOSYSTEMV_1.0.EXE
C:\USERS\SAIKRISHNA.GOUTHAM\DOCUMENTS\VISUAL STUDIO 2010\PROJECTS\ECOSYSTEMV_1.0\DEBUG\ECOSYSTEMV_1.0.ILK
C:\USERS\SAIKRISHNA.GOUTHAM\DOCUMENTS\VISUAL STUDIO 2010\PROJECTS\ECOSYSTEMV_1.0\DEBUG\ECOSYSTEMV_1.0.PDB
C:\Users\saikrishna.goutham\documents\visual studio 2010\Projects\EcosystemV_1.0\EcosystemV_1.0\Debug\cl.command.1.tlog
C:\Users\saikrishna.goutham\documents\visual studio 2010\Projects\EcosystemV_1.0\EcosystemV_1.0\Debug\CL.read.1.tlog
C:\Users\saikrishna.goutham\documents\visual studio 2010\Projects\EcosystemV_1.0\EcosystemV_1.0\Debug\CL.write.1.tlog
C:\USERS\SAIKRISHNA.GOUTHAM\DOCUMENTS\VISUAL STUDIO 2010\PROJECTS\ECOSYSTEMV_1.0\ECOSYSTEMV_1.0\DEBUG\ECOSYSTEMV_1.0.EXE.EMBED.MANIFEST
C:\USERS\SAIKRISHNA.GOUTHAM\DOCUMENTS\VISUAL STUDIO 2010\PROJECTS\ECOSYSTEMV_1.0\ECOSYSTEMV_1.0\DEBUG\ECOSYSTEMV_1.0.EXE.EMBED.MANIFEST.RES
C:\USERS\SAIKRISHNA.GOUTHAM\DOCUMENTS\VISUAL STUDIO 2010\PROJECTS\ECOSYSTEMV_1.0\ECOSYSTEMV_1.0\DEBUG\ECOSYSTEMV_1.0.EXE.INTERMEDIATE.MANIFEST
C:\Users\saikrishna.goutham\documents\visual studio 2010\Projects\EcosystemV_1.0\EcosystemV_1.0\Debug\EcosystemV_1.0_manifest.rc
C:\USERS\SAIKRISHNA.GOUTHAM\DOCUMENTS\VISUAL STUDIO 2010\PROJECTS\ECOSYSTEMV_1.0\ECOSYSTEMV_1.0\DEBUG\EXTRA.OBJ
C:\Users\saikrishna.goutham\documents\visual studio 2010\Projects\EcosystemV_1.0\EcosystemV_1.0\Debug\link.4772.read.1.tlog
C:\Users\saikrishna.goutham\documents\visual studio 2010\Projects\EcosystemV_1.0\EcosystemV_1.0\Debug\link.4772.write.1.tlog
C:\Users\saikrishna.goutham\documents\visual studio 2010\Projects\EcosystemV_1.0\EcosystemV_1.0\Debug\link.4772-cvtres.read.1.tlog
C:\Users\saikrishna.goutham\documents\visual studio 2010\Projects\EcosystemV_1.0\EcosystemV_1.0\Debug\link.4772-cvtres.write.1.tlog
C:\Users\saikrishna.goutham\documents\visual studio 2010\Projects\EcosystemV_1.0\EcosystemV_1.0\Debug\link.command.1.tlog
C:\Users\saikrishna.goutham\documents\visual studio 2010\Projects\EcosystemV_1.0\EcosystemV_1.0\Debug\link.read.1.tlog
C:\Users\saikrishna.goutham\documents\visual studio 2010\Projects\EcosystemV_1.0\EcosystemV_1.0\Debug\link.write.1.tlog
C:\Users\saikrishna.goutham\documents\visual studio 2010\Projects\EcosystemV_1.0\EcosystemV_1.0\Debug\link-cvtres.read.1.tlog
C:\Users\saikrishna.goutham\documents\visual studio 2010\Projects\EcosystemV_1.0\EcosystemV_1.0\Debug\link-cvtres.write.1.tlog
C:\USERS\SAIKRISHNA.GOUTHAM\DOCUMENTS\VISUAL STUDIO 2010\PROJECTS\ECOSYSTEMV_1.0\ECOSYSTEMV_1.0\DEBUG\LINKEDLIST.OBJ
C:\Users\saikrishna.goutham\documents\visual studio 2010\Projects\EcosystemV_1.0\EcosystemV_1.0\Debug\mt.command.1.tlog
C:\Users\saikrishna.goutham\documents\visual studio 2010\Projects\EcosystemV_1.0\EcosystemV_1.0\Debug\mt.read.1.tlog
C:\Users\saikrishna.goutham\documents\visual studio 2010\Projects\EcosystemV_1.0\EcosystemV_1.0\Debug\mt.write.1.tlog
C:\Users\saikrishna.goutham\documents\visual studio 2010\Projects\EcosystemV_1.0\EcosystemV_1.0\Debug\rc.command.1.tlog
C:\Users\saikrishna.goutham\documents\visual studio 2010\Projects\EcosystemV_1.0\EcosystemV_1.0\Debug\rc.read.1.tlog
C:\Users\saikrishna.goutham\documents\visual studio 2010\Projects\EcosystemV_1.0\EcosystemV_1.0\Debug\rc.write.1.tlog
C:\Users\saikrishna.goutham\documents\visual studio 2010\Projects\EcosystemV_1.0\EcosystemV_1.0\Debug\vc100.idb
C:\USERS\SAIKRISHNA.GOUTHAM\DOCUMENTS\VISUAL STUDIO 2010\PROJECTS\ECOSYSTEMV_1.0\ECOSYSTEMV_1.0\DEBUG\VC100.PDB
